<?xml version="1.0" encoding="UTF-8"?>
<!-- Generated by org.testng.reporters.JUnitXMLReporter -->
<testsuite ignored="0" hostname="IM-LP-1389" failures="0" tests="7" name="Default test" time="41.29" errors="0" timestamp="2023-07-03T19:00:54 IST">
  <testcase classname="com.qa.apple.test.automation.testscripts.Test_AppleDev" name="tc_01" time="0.026"/>
  <testcase classname="com.qa.apple.test.automation.testscripts.Test_AppleDev" name="tc_02" time="0.976"/>
  <testcase classname="com.qa.apple.test.automation.testscripts.Test_AppleDev" name="tc_03" time="1.107"/>
  <testcase classname="com.qa.apple.test.automation.testscripts.Test_AppleDev" name="tc_04" time="0.418"/>
  <testcase classname="com.qa.apple.test.automation.testscripts.Test_AppleDev" name="tc_05" time="1.207"/>
  <testcase classname="com.qa.apple.test.automation.testscripts.Test_AppleDev" name="tc_06" time="0.199"/>
  <testcase classname="com.qa.apple.test.automation.testscripts.Test_AppleDev" name="tc_07" time="0.897"/>
</testsuite> <!-- Default test -->
